<?xml version="1.0" encoding="UTF-8"?>
<testng-results ignored="0" total="1" passed="1" failed="0" skipped="0">
  <reporter-output>
  </reporter-output>
  <suite started-at="2024-02-12T10:03:29 IST" name="Surefire suite" finished-at="2024-02-12T10:04:00 IST" duration-ms="30539">
    <groups>
    </groups>
    <test started-at="2024-02-12T10:03:29 IST" name="Surefire test" finished-at="2024-02-12T10:04:00 IST" duration-ms="30539">
      <class name="carInsuranceRegistration.CarInsuranceTest">
        <test-method is-config="true" signature="setupBrowser()[pri:0, instance:carInsuranceRegistration.CarInsuranceTest@3febb011]" started-at="2024-02-12T10:03:29 IST" name="setupBrowser" finished-at="2024-02-12T10:03:33 IST" duration-ms="3838" status="PASS">
          <reporter-output>
          </reporter-output>
        </test-method> <!-- setupBrowser -->
        <test-method signature="insuranceRegistration([Ljava.lang.String;)[pri:0, instance:carInsuranceRegistration.CarInsuranceTest@3febb011]" started-at="2024-02-12T10:03:34 IST" name="insuranceRegistration" data-provider="FormData" finished-at="2024-02-12T10:04:00 IST" duration-ms="26086" status="PASS">
          <params>
            <param index="0">
              <value>
                <![CDATA[[Ljava.lang.String;@659a2455]]>
              </value>
            </param>
          </params>
          <reporter-output>
          </reporter-output>
        </test-method> <!-- insuranceRegistration -->
        <test-method is-config="true" signature="tearDown()[pri:0, instance:carInsuranceRegistration.CarInsuranceTest@3febb011]" started-at="2024-02-12T10:04:00 IST" name="tearDown" finished-at="2024-02-12T10:04:00 IST" duration-ms="134" status="PASS">
          <reporter-output>
          </reporter-output>
        </test-method> <!-- tearDown -->
      </class> <!-- carInsuranceRegistration.CarInsuranceTest -->
    </test> <!-- Surefire test -->
  </suite> <!-- Surefire suite -->
</testng-results>
