<?xml version="1.0" encoding="UTF-8"?>
<testng-results ignored="0" total="1" passed="1" failed="0" skipped="0">
  <reporter-output>
  </reporter-output>
  <suite started-at="2024-02-06T23:53:20 IST" name="Surefire suite" finished-at="2024-02-06T23:53:29 IST" duration-ms="9109">
    <groups>
    </groups>
    <test started-at="2024-02-06T23:53:20 IST" name="Surefire test" finished-at="2024-02-06T23:53:29 IST" duration-ms="9109">
      <class name="carInsuranceRegistration.CarInsuranceTest">
        <test-method is-config="true" signature="setupBrowser()[pri:0, instance:carInsuranceRegistration.CarInsuranceTest@3c9d0b9d]" started-at="2024-02-06T23:53:20 IST" name="setupBrowser" finished-at="2024-02-06T23:53:25 IST" duration-ms="4959" status="PASS">
          <reporter-output>
          </reporter-output>
        </test-method> <!-- setupBrowser -->
        <test-method signature="insuranceRegistration()[pri:0, instance:carInsuranceRegistration.CarInsuranceTest@3c9d0b9d]" started-at="2024-02-06T23:53:25 IST" name="insuranceRegistration" finished-at="2024-02-06T23:53:29 IST" duration-ms="4039" status="PASS">
          <reporter-output>
          </reporter-output>
        </test-method> <!-- insuranceRegistration -->
        <test-method is-config="true" signature="tearDown()[pri:0, instance:carInsuranceRegistration.CarInsuranceTest@3c9d0b9d]" started-at="2024-02-06T23:53:29 IST" name="tearDown" finished-at="2024-02-06T23:53:29 IST" duration-ms="87" status="PASS">
          <reporter-output>
          </reporter-output>
        </test-method> <!-- tearDown -->
      </class> <!-- carInsuranceRegistration.CarInsuranceTest -->
    </test> <!-- Surefire test -->
  </suite> <!-- Surefire suite -->
</testng-results>
